<?xml version="1.0" encoding="utf-8"?><testsuites name="pytest tests"><testsuite name="pytest" errors="0" failures="0" skipped="0" tests="4" time="3.008" timestamp="2026-09-23T16:30:43.144207+00:00" hostname="agent-env-7e2ea440-5d0f-4173-9de1-54462be299bb"><testcase classname="tests.test_iter3.TestForecast" name="test_forecast_tomorrow" time="2.487" /><testcase classname="tests.test_iter3.TestForecast" name="test_forecast_weekend_factor" time="0.137" /><testcase classname="tests.test_iter3.TestCustomers" name="test_customers_list" time="0.151" /><testcase classname="tests.test_iter3.TestFinanceSummary" name="test_summary_ok" time="0.130" /></testsuite></testsuites>