<?xml version="1.0" encoding="utf-8"?><testsuites name="pytest tests"><testsuite name="pytest" errors="0" failures="0" skipped="0" tests="6" time="5.767" timestamp="2026-09-24T03:55:45.523619+00:00" hostname="agent-env-7e2ea440-5d0f-4173-9de1-54462be299bb"><testcase classname="tests.test_iter7_batch.TestZeroBalances" name="test_finance_summary_all_zero" time="3.077" /><testcase classname="tests.test_iter7_batch.TestUserPhoto" name="test_photo_requires_superadmin" time="3.322" /><testcase classname="tests.test_iter7_batch.TestZeroBalances" name="test_salary_zulfikar_zero" time="0.138" /><testcase classname="tests.test_iter7_batch.TestPrimaryBank" name="test_set_and_persist_primary_bank" time="0.971" /><testcase classname="tests.test_iter7_batch.TestUserPhoto" name="test_super_can_update_rider_photo" time="0.981" /><testcase classname="tests.test_iter7_batch.TestOrderNotification" name="test_invoice_creates_superadmin_notification" time="0.454" /></testsuite></testsuites>