<?xml version="1.0" encoding="utf-8"?><testsuites name="pytest tests"><testsuite name="pytest" errors="0" failures="0" skipped="0" tests="4" time="18.408" timestamp="2026-09-24T22:41:23.895708+00:00" hostname="agent-env-7e2ea440-5d0f-4173-9de1-54462be299bb"><testcase classname="tests.test_iter8_batch" name="test_coach_provider[gpt]" time="6.124" /><testcase classname="tests.test_iter8_batch" name="test_coach_provider[claude]" time="2.092" /><testcase classname="tests.test_iter8_batch" name="test_coach_provider[gemini]" time="9.643" /><testcase classname="tests.test_iter8_batch" name="test_history_persists" time="0.222" /></testsuite></testsuites>