<?xml version="1.0" encoding="utf-8"?><testsuites name="pytest tests"><testsuite name="pytest" errors="0" failures="0" skipped="0" tests="6" time="6.415" timestamp="2026-09-25T00:04:11.847886+00:00" hostname="agent-env-7e2ea440-5d0f-4173-9de1-54462be299bb"><testcase classname="tests.test_iter9_batch" name="test_users_list_superadmin" time="3.342" /><testcase classname="tests.test_iter9_batch" name="test_admin_update_user_persists" time="0.571" /><testcase classname="tests.test_iter9_batch" name="test_rider_cannot_update_user" time="0.698" /><testcase classname="tests.test_iter9_batch" name="test_wastage_deducts_stock" time="0.622" /><testcase classname="tests.test_iter9_batch" name="test_wastage_requires_photo" time="0.287" /><testcase classname="tests.test_iter9_batch" name="test_wastage_rider_forbidden" time="0.271" /></testsuite></testsuites>