<?xml version="1.0" encoding="utf-8"?><testsuites name="pytest tests"><testsuite name="pytest" errors="0" failures="0" skipped="0" tests="7" time="14.130" timestamp="2026-09-24T01:16:03.541339+00:00" hostname="agent-env-7e2ea440-5d0f-4173-9de1-54462be299bb"><testcase classname="tests.test_iter3_features.TestProfileBanks" name="test_get_profile_ok" time="3.916" /><testcase classname="tests.test_iter3_features.TestProfileBanks" name="test_put_banks_and_persist" time="0.280" /><testcase classname="tests.test_iter3_features.TestProfileBanks" name="test_reduce_banks" time="0.260" /><testcase classname="tests.test_iter3_features.TestCoach" name="test_coach_chat_rider" time="5.269" /><testcase classname="tests.test_iter3_features.TestCoach" name="test_coach_chat_super" time="2.259" /><testcase classname="tests.test_iter3_features.TestCoach" name="test_coach_history" time="0.143" /><testcase classname="tests.test_iter3_features.TestWithdrawalAccept" name="test_full_flow" time="1.944" /></testsuite></testsuites>