<?xml version="1.0" encoding="utf-8"?><testsuites name="pytest tests"><testsuite name="pytest" errors="0" failures="1" skipped="1" tests="9" time="11.232" timestamp="2026-09-24T02:25:29.795121+00:00" hostname="agent-env-7e2ea440-5d0f-4173-9de1-54462be299bb"><testcase classname="tests.test_iter5_batch6" name="test_customers_empty" time="3.415" /><testcase classname="tests.test_iter5_batch6" name="test_invoices_empty" time="0.165" /><testcase classname="tests.test_iter5_batch6" name="test_materials_stock_zero" time="0.171" /><testcase classname="tests.test_iter5_batch6" name="test_menus_stock_zero" time="0.121" /><testcase classname="tests.test_iter5_batch6" name="test_sales_history_empty" time="0.161"><failure message="assert 422 == 200&#10; +  where 422 = &lt;Response [422]&gt;.status_code">backend/tests/test_iter5_batch6.py:59: in test_sales_history_empty
    assert r.status_code == 200
E   assert 422 == 200
E    +  where 422 = &lt;Response [422]&gt;.status_code</failure></testcase><testcase classname="tests.test_iter5_batch6" name="test_finance_summary_zero" time="0.138" /><testcase classname="tests.test_iter5_batch6" name="test_dashboard_summary_zero" time="0.150"><skipped type="pytest.skip" message="no /api/summary endpoint">/app/backend/tests/test_iter5_batch6.py:79: no /api/summary endpoint</skipped></testcase><testcase classname="tests.test_iter5_batch6" name="test_coach_answers_general_capital_question" time="4.210" /><testcase classname="tests.test_iter5_batch6" name="test_coach_answers_sales_question" time="2.621" /></testsuite></testsuites>