<?xml version="1.0" encoding="utf-8"?><testsuites name="pytest tests"><testsuite name="pytest" errors="0" failures="0" skipped="0" tests="7" time="11.364" timestamp="2026-09-24T01:44:40.695644+00:00" hostname="agent-env-7e2ea440-5d0f-4173-9de1-54462be299bb"><testcase classname="tests.test_iter4_features" name="test_logo_png_available" time="0.314" /><testcase classname="tests.test_iter4_features" name="test_notifications_clear_deletes_all" time="3.123" /><testcase classname="tests.test_iter4_features" name="test_notifications_clear_requires_superadmin" time="0.488" /><testcase classname="tests.test_iter4_features" name="test_deposit_save_creates_notification" time="1.373" /><testcase classname="tests.test_iter4_features" name="test_promo_idea_returns_text" time="3.670" /><testcase classname="tests.test_iter4_features" name="test_promo_idea_requires_superadmin" time="0.503" /><testcase classname="tests.test_iter4_features" name="test_coach_chat_general_question" time="1.836" /></testsuite></testsuites>