<?xml version="1.0" encoding="utf-8"?><testsuites name="pytest tests"><testsuite name="pytest" errors="0" failures="0" skipped="0" tests="19" time="15.576" timestamp="2026-09-23T11:17:46.180911+00:00" hostname="agent-env-7e2ea440-5d0f-4173-9de1-54462be299bb"><testcase classname="tests.test_si4am_backend.TestAuth" name="test_login_ok" time="2.936" /><testcase classname="tests.test_si4am_backend.TestAuth" name="test_login_wrong_password" time="0.511" /><testcase classname="tests.test_si4am_backend.TestAuth" name="test_me" time="2.278" /><testcase classname="tests.test_si4am_backend.TestRoleGuards" name="test_rider_cannot_post_rider_stock" time="0.284" /><testcase classname="tests.test_si4am_backend.TestRoleGuards" name="test_rider_cannot_post_deposit" time="0.135" /><testcase classname="tests.test_si4am_backend.TestRoleGuards" name="test_barteam_cannot_get_finance" time="0.131" /><testcase classname="tests.test_si4am_backend.TestRoleGuards" name="test_barteam_cannot_get_invoices" time="0.471" /><testcase classname="tests.test_si4am_backend.TestRoleGuards" name="test_super_can_get_finance" time="0.275" /><testcase classname="tests.test_si4am_backend.TestMenus" name="test_list_menus" time="0.258" /><testcase classname="tests.test_si4am_backend.TestInventory" name="test_inventory_tx_in" time="0.334" /><testcase classname="tests.test_si4am_backend.TestMenuProduce" name="test_produce_increases_menu_stock" time="0.923" /><testcase classname="tests.test_si4am_backend.TestRiderStock" name="test_upsert_and_decrement" time="1.510" /><testcase classname="tests.test_si4am_backend.TestSales" name="test_sale_and_overstock" time="1.966" /><testcase classname="tests.test_si4am_backend.TestAttendance" name="test_flow" time="1.142" /><testcase classname="tests.test_si4am_backend.TestDeposit" name="test_deposit_calc_and_upsert" time="0.957" /><testcase classname="tests.test_si4am_backend.TestInvoices" name="test_create_invoice" time="0.493" /><testcase classname="tests.test_si4am_backend.TestDashboard" name="test_dashboard_summary" time="0.139" /><testcase classname="tests.test_si4am_backend.TestDashboard" name="test_salary" time="0.219" /><testcase classname="tests.test_si4am_backend.TestDashboard" name="test_expense_and_handover" time="0.406" /></testsuite></testsuites>